This file contains any messages produced by compilers while
running configure, to aid debugging if configure makes a mistake.

It was created by GeographicLib configure 1.50.1, which was
generated by GNU Autoconf 2.69.  Invocation command line was

  $ ../configure 

## --------- ##
## Platform. ##
## --------- ##

hostname = a-Legion-Y540-15IRH
uname -m = x86_64
uname -r = 5.4.0-42-generic
uname -s = Linux
uname -v = #46~18.04.1-Ubuntu SMP Fri Jul 10 07:21:24 UTC 2020

/usr/bin/uname -p = unknown
/bin/uname -X     = unknown

/bin/arch              = unknown
/usr/bin/arch -k       = unknown
/usr/convex/getsysinfo = unknown
/usr/bin/hostinfo      = unknown
/bin/machine           = unknown
/usr/bin/oslevel       = unknown
/bin/universe          = unknown

PATH: /usr/local/cuda-11.0/bin
PATH: /opt/ros/melodic/bin
PATH: /usr/local/sbin
PATH: /usr/local/bin
PATH: /usr/sbin
PATH: /usr/bin
PATH: /sbin
PATH: /bin
PATH: /usr/games
PATH: /usr/local/games
PATH: /snap/bin


## ----------- ##
## Core tests. ##
## ----------- ##

configure:2373: checking build system type
configure:2387: result: x86_64-pc-linux-gnu
configure:2407: checking host system type
configure:2420: result: x86_64-pc-linux-gnu
configure:2440: checking target system type
configure:2453: result: x86_64-pc-linux-gnu
configure:2499: checking for a BSD-compatible install
configure:2567: result: /usr/bin/install -c
configure:2578: checking whether build environment is sane
configure:2633: result: yes
configure:2784: checking for a thread-safe mkdir -p
configure:2823: result: /bin/mkdir -p
configure:2830: checking for gawk
configure:2860: result: no
configure:2830: checking for mawk
configure:2846: found /usr/bin/mawk
configure:2857: result: mawk
configure:2868: checking whether make sets $(MAKE)
configure:2890: result: yes
configure:2919: checking whether make supports nested variables
configure:2936: result: yes
configure:3086: checking whether to enable maintainer-specific portions of Makefiles
configure:3095: result: no
configure:3124: checking whether make supports the include directive
configure:3139: make -f confmf.GNU && cat confinc.out
this is the am__doit target
configure:3142: $? = 0
configure:3161: result: yes (GNU style)
configure:3231: checking for gcc
configure:3247: found /usr/bin/gcc
configure:3258: result: gcc
configure:3487: checking for C compiler version
configure:3496: gcc --version >&5
gcc (Ubuntu 7.5.0-3ubuntu1~18.04) 7.5.0
Copyright (C) 2017 Free Software Foundation, Inc.
This is free software; see the source for copying conditions.  There is NO
warranty; not even for MERCHANTABILITY or FITNESS FOR A PARTICULAR PURPOSE.

configure:3507: $? = 0
configure:3496: gcc -v >&5
Using built-in specs.
COLLECT_GCC=gcc
COLLECT_LTO_WRAPPER=/usr/lib/gcc/x86_64-linux-gnu/7/lto-wrapper
OFFLOAD_TARGET_NAMES=nvptx-none
OFFLOAD_TARGET_DEFAULT=1
Target: x86_64-linux-gnu
Configured with: ../src/configure -v --with-pkgversion='Ubuntu 7.5.0-3ubuntu1~18.04' --with-bugurl=file:///usr/share/doc/gcc-7/README.Bugs --enable-languages=c,ada,c++,go,brig,d,fortran,objc,obj-c++ --prefix=/usr --with-gcc-major-version-only --program-suffix=-7 --program-prefix=x86_64-linux-gnu- --enable-shared --enable-linker-build-id --libexecdir=/usr/lib --without-included-gettext --enable-threads=posix --libdir=/usr/lib --enable-nls --enable-bootstrap --enable-clocale=gnu --enable-libstdcxx-debug --enable-libstdcxx-time=yes --with-default-libstdcxx-abi=new --enable-gnu-unique-object --disable-vtable-verify --enable-libmpx --enable-plugin --enable-default-pie --with-system-zlib --with-target-system-zlib --enable-objc-gc=auto --enable-multiarch --disable-werror --with-arch-32=i686 --with-abi=m64 --with-multilib-list=m32,m64,mx32 --enable-multilib --with-tune=generic --enable-offload-targets=nvptx-none --without-cuda-driver --enable-checking=release --build=x86_64-linux-gnu --host=x86_64-linux-gnu --target=x86_64-linux-gnu
Thread model: posix
gcc version 7.5.0 (Ubuntu 7.5.0-3ubuntu1~18.04) 
configure:3507: $? = 0
configure:3496: gcc -V >&5
gcc: error: unrecognized command line option '-V'
gcc: fatal error: no input files
compilation terminated.
configure:3507: $? = 1
configure:3496: gcc -qversion >&5
gcc: error: unrecognized command line option '-qversion'; did you mean '--version'?
gcc: fatal error: no input files
compilation terminated.
configure:3507: $? = 1
configure:3527: checking whether the C compiler works
configure:3549: gcc    conftest.c  >&5
configure:3553: $? = 0
configure:3601: result: yes
configure:3604: checking for C compiler default output file name
configure:3606: result: a.out
configure:3612: checking for suffix of executables
configure:3619: gcc -o conftest    conftest.c  >&5
configure:3623: $? = 0
configure:3645: result: 
configure:3667: checking whether we are cross compiling
configure:3675: gcc -o conftest    conftest.c  >&5
configure:3679: $? = 0
configure:3686: ./conftest
configure:3690: $? = 0
configure:3705: result: no
configure:3710: checking for suffix of object files
configure:3732: gcc -c   conftest.c >&5
configure:3736: $? = 0
configure:3757: result: o
configure:3761: checking whether we are using the GNU C compiler
configure:3780: gcc -c   conftest.c >&5
configure:3780: $? = 0
configure:3789: result: yes
configure:3798: checking whether gcc accepts -g
configure:3818: gcc -c -g  conftest.c >&5
configure:3818: $? = 0
configure:3859: result: yes
configure:3876: checking for gcc option to accept ISO C89
configure:3939: gcc  -c -g -O2  conftest.c >&5
configure:3939: $? = 0
configure:3952: result: none needed
configure:3977: checking whether gcc understands -c and -o together
configure:3999: gcc -c conftest.c -o conftest2.o
configure:4002: $? = 0
configure:3999: gcc -c conftest.c -o conftest2.o
configure:4002: $? = 0
configure:4014: result: yes
configure:4033: checking dependency style of gcc
configure:4144: result: gcc3
configure:4164: checking how to run the C preprocessor
configure:4195: gcc -E  conftest.c
configure:4195: $? = 0
configure:4209: gcc -E  conftest.c
conftest.c:14:10: fatal error: ac_nonexistent.h: No such file or directory
 #include <ac_nonexistent.h>
          ^~~~~~~~~~~~~~~~~~
compilation terminated.
configure:4209: $? = 1
configure: failed program was:
| /* confdefs.h */
| #define PACKAGE_NAME "GeographicLib"
| #define PACKAGE_TARNAME "geographiclib"
| #define PACKAGE_VERSION "1.50.1"
| #define PACKAGE_STRING "GeographicLib 1.50.1"
| #define PACKAGE_BUGREPORT "charles@karney.com"
| #define PACKAGE_URL ""
| #define PACKAGE "geographiclib"
| #define VERSION "1.50.1"
| #define GEOGRAPHICLIB_VERSION_MAJOR 1
| #define GEOGRAPHICLIB_VERSION_MINOR 50
| #define GEOGRAPHICLIB_VERSION_PATCH 1
| /* end confdefs.h.  */
| #include <ac_nonexistent.h>
configure:4234: result: gcc -E
configure:4254: gcc -E  conftest.c
configure:4254: $? = 0
configure:4268: gcc -E  conftest.c
conftest.c:14:10: fatal error: ac_nonexistent.h: No such file or directory
 #include <ac_nonexistent.h>
          ^~~~~~~~~~~~~~~~~~
compilation terminated.
configure:4268: $? = 1
configure: failed program was:
| /* confdefs.h */
| #define PACKAGE_NAME "GeographicLib"
| #define PACKAGE_TARNAME "geographiclib"
| #define PACKAGE_VERSION "1.50.1"
| #define PACKAGE_STRING "GeographicLib 1.50.1"
| #define PACKAGE_BUGREPORT "charles@karney.com"
| #define PACKAGE_URL ""
| #define PACKAGE "geographiclib"
| #define VERSION "1.50.1"
| #define GEOGRAPHICLIB_VERSION_MAJOR 1
| #define GEOGRAPHICLIB_VERSION_MINOR 50
| #define GEOGRAPHICLIB_VERSION_PATCH 1
| /* end confdefs.h.  */
| #include <ac_nonexistent.h>
configure:4296: checking whether make sets $(MAKE)
configure:4318: result: yes
configure:4386: checking for g++
configure:4402: found /usr/bin/g++
configure:4413: result: g++
configure:4440: checking for C++ compiler version
configure:4449: g++ --version >&5
g++ (Ubuntu 7.5.0-3ubuntu1~18.04) 7.5.0
Copyright (C) 2017 Free Software Foundation, Inc.
This is free software; see the source for copying conditions.  There is NO
warranty; not even for MERCHANTABILITY or FITNESS FOR A PARTICULAR PURPOSE.

configure:4460: $? = 0
configure:4449: g++ -v >&5
Using built-in specs.
COLLECT_GCC=g++
COLLECT_LTO_WRAPPER=/usr/lib/gcc/x86_64-linux-gnu/7/lto-wrapper
OFFLOAD_TARGET_NAMES=nvptx-none
OFFLOAD_TARGET_DEFAULT=1
Target: x86_64-linux-gnu
Configured with: ../src/configure -v --with-pkgversion='Ubuntu 7.5.0-3ubuntu1~18.04' --with-bugurl=file:///usr/share/doc/gcc-7/README.Bugs --enable-languages=c,ada,c++,go,brig,d,fortran,objc,obj-c++ --prefix=/usr --with-gcc-major-version-only --program-suffix=-7 --program-prefix=x86_64-linux-gnu- --enable-shared --enable-linker-build-id --libexecdir=/usr/lib --without-included-gettext --enable-threads=posix --libdir=/usr/lib --enable-nls --enable-bootstrap --enable-clocale=gnu --enable-libstdcxx-debug --enable-libstdcxx-time=yes --with-default-libstdcxx-abi=new --enable-gnu-unique-object --disable-vtable-verify --enable-libmpx --enable-plugin --enable-default-pie --with-system-zlib --with-target-system-zlib --enable-objc-gc=auto --enable-multiarch --disable-werror --with-arch-32=i686 --with-abi=m64 --with-multilib-list=m32,m64,mx32 --enable-multilib --with-tune=generic --enable-offload-targets=nvptx-none --without-cuda-driver --enable-checking=release --build=x86_64-linux-gnu --host=x86_64-linux-gnu --target=x86_64-linux-gnu
Thread model: posix
gcc version 7.5.0 (Ubuntu 7.5.0-3ubuntu1~18.04) 
configure:4460: $? = 0
configure:4449: g++ -V >&5
g++: error: unrecognized command line option '-V'
g++: fatal error: no input files
compilation terminated.
configure:4460: $? = 1
configure:4449: g++ -qversion >&5
g++: error: unrecognized command line option '-qversion'; did you mean '--version'?
g++: fatal error: no input files
compilation terminated.
configure:4460: $? = 1
configure:4464: checking whether we are using the GNU C++ compiler
configure:4483: g++ -c   conftest.cpp >&5
configure:4483: $? = 0
configure:4492: result: yes
configure:4501: checking whether g++ accepts -g
configure:4521: g++ -c -g  conftest.cpp >&5
configure:4521: $? = 0
configure:4562: result: yes
configure:4587: checking dependency style of g++
configure:4698: result: gcc3
configure:4759: checking how to print strings
configure:4786: result: printf
configure:4807: checking for a sed that does not truncate output
configure:4871: result: /bin/sed
configure:4889: checking for grep that handles long lines and -e
configure:4947: result: /bin/grep
configure:4952: checking for egrep
configure:5014: result: /bin/grep -E
configure:5019: checking for fgrep
configure:5081: result: /bin/grep -F
configure:5116: checking for ld used by gcc
configure:5183: result: /usr/bin/ld
configure:5190: checking if the linker (/usr/bin/ld) is GNU ld
configure:5205: result: yes
configure:5217: checking for BSD- or MS-compatible name lister (nm)
configure:5271: result: /usr/bin/nm -B
configure:5401: checking the name lister (/usr/bin/nm -B) interface
configure:5408: gcc -c -g -O2  conftest.c >&5
configure:5411: /usr/bin/nm -B "conftest.o"
configure:5414: output
0000000000000000 B some_variable
configure:5421: result: BSD nm
configure:5424: checking whether ln -s works
configure:5428: result: yes
configure:5436: checking the maximum length of command line arguments
configure:5567: result: 1572864
configure:5615: checking how to convert x86_64-pc-linux-gnu file names to x86_64-pc-linux-gnu format
configure:5655: result: func_convert_file_noop
configure:5662: checking how to convert x86_64-pc-linux-gnu file names to toolchain format
configure:5682: result: func_convert_file_noop
configure:5689: checking for /usr/bin/ld option to reload object files
configure:5696: result: -r
configure:5770: checking for objdump
configure:5786: found /usr/bin/objdump
configure:5797: result: objdump
configure:5829: checking how to recognize dependent libraries
configure:6029: result: pass_all
configure:6114: checking for dlltool
configure:6144: result: no
configure:6174: checking how to associate runtime and link libraries
configure:6201: result: printf %s\n
configure:6262: checking for ar
configure:6278: found /usr/bin/ar
configure:6289: result: ar
configure:6326: checking for archiver @FILE support
configure:6343: gcc -c -g -O2  conftest.c >&5
configure:6343: $? = 0
configure:6346: ar cru libconftest.a @conftest.lst >&5
ar: `u' modifier ignored since `D' is the default (see `U')
configure:6349: $? = 0
configure:6354: ar cru libconftest.a @conftest.lst >&5
ar: `u' modifier ignored since `D' is the default (see `U')
ar: conftest.o: No such file or directory
configure:6357: $? = 1
configure:6369: result: @
configure:6427: checking for strip
configure:6443: found /usr/bin/strip
configure:6454: result: strip
configure:6526: checking for ranlib
configure:6542: found /usr/bin/ranlib
configure:6553: result: ranlib
configure:6655: checking command to parse /usr/bin/nm -B output from gcc object
configure:6808: gcc -c -g -O2  conftest.c >&5
configure:6811: $? = 0
configure:6815: /usr/bin/nm -B conftest.o \| sed -n -e 's/^.*[ ]\([ABCDGIRSTW][ABCDGIRSTW]*\)[ ][ ]*\([_A-Za-z][_A-Za-z0-9]*\)$/\1 \2 \2/p' | sed '/ __gnu_lto/d' \> conftest.nm
configure:6818: $? = 0
configure:6884: gcc -o conftest -g -O2   conftest.c conftstm.o >&5
configure:6887: $? = 0
configure:6925: result: ok
configure:6972: checking for sysroot
configure:7002: result: no
configure:7009: checking for a working dd
configure:7047: result: /bin/dd
configure:7051: checking how to truncate binary pipes
configure:7066: result: /bin/dd bs=4096 count=1
configure:7202: gcc -c -g -O2  conftest.c >&5
configure:7205: $? = 0
configure:7395: checking for mt
configure:7411: found /bin/mt
configure:7422: result: mt
configure:7445: checking if mt is a manifest tool
configure:7451: mt '-?'
configure:7459: result: no
configure:8132: checking for ANSI C header files
configure:8152: gcc -c -g -O2  conftest.c >&5
configure:8152: $? = 0
configure:8225: gcc -o conftest -g -O2   conftest.c  >&5
configure:8225: $? = 0
configure:8225: ./conftest
configure:8225: $? = 0
configure:8236: result: yes
configure:8249: checking for sys/types.h
configure:8249: gcc -c -g -O2  conftest.c >&5
configure:8249: $? = 0
configure:8249: result: yes
configure:8249: checking for sys/stat.h
configure:8249: gcc -c -g -O2  conftest.c >&5
configure:8249: $? = 0
configure:8249: result: yes
configure:8249: checking for stdlib.h
configure:8249: gcc -c -g -O2  conftest.c >&5
configure:8249: $? = 0
configure:8249: result: yes
configure:8249: checking for string.h
configure:8249: gcc -c -g -O2  conftest.c >&5
configure:8249: $? = 0
configure:8249: result: yes
configure:8249: checking for memory.h
configure:8249: gcc -c -g -O2  conftest.c >&5
configure:8249: $? = 0
configure:8249: result: yes
configure:8249: checking for strings.h
configure:8249: gcc -c -g -O2  conftest.c >&5
configure:8249: $? = 0
configure:8249: result: yes
configure:8249: checking for inttypes.h
configure:8249: gcc -c -g -O2  conftest.c >&5
configure:8249: $? = 0
configure:8249: result: yes
configure:8249: checking for stdint.h
configure:8249: gcc -c -g -O2  conftest.c >&5
configure:8249: $? = 0
configure:8249: result: yes
configure:8249: checking for unistd.h
configure:8249: gcc -c -g -O2  conftest.c >&5
configure:8249: $? = 0
configure:8249: result: yes
configure:8263: checking for dlfcn.h
configure:8263: gcc -c -g -O2  conftest.c >&5
configure:8263: $? = 0
configure:8263: result: yes
configure:8530: checking for objdir
configure:8545: result: .libs
configure:8809: checking if gcc supports -fno-rtti -fno-exceptions
configure:8827: gcc -c -g -O2  -fno-rtti -fno-exceptions conftest.c >&5
cc1: warning: command line option '-fno-rtti' is valid for C++/ObjC++ but not for C
configure:8831: $? = 0
configure:8844: result: no
configure:9202: checking for gcc option to produce PIC
configure:9209: result: -fPIC -DPIC
configure:9217: checking if gcc PIC flag -fPIC -DPIC works
configure:9235: gcc -c -g -O2  -fPIC -DPIC -DPIC conftest.c >&5
configure:9239: $? = 0
configure:9252: result: yes
configure:9281: checking if gcc static flag -static works
configure:9309: result: yes
configure:9324: checking if gcc supports -c -o file.o
configure:9345: gcc -c -g -O2  -o out/conftest2.o conftest.c >&5
configure:9349: $? = 0
configure:9371: result: yes
configure:9379: checking if gcc supports -c -o file.o
configure:9426: result: yes
configure:9459: checking whether the gcc linker (/usr/bin/ld -m elf_x86_64) supports shared libraries
configure:10718: result: yes
configure:10755: checking whether -lc should be explicitly linked in
configure:10763: gcc -c -g -O2  conftest.c >&5
configure:10766: $? = 0
configure:10781: gcc -shared  -fPIC -DPIC conftest.o  -v -Wl,-soname -Wl,conftest -o conftest 2\>\&1 \| /bin/grep  -lc  \>/dev/null 2\>\&1
configure:10784: $? = 0
configure:10798: result: no
configure:10958: checking dynamic linker characteristics
configure:11539: gcc -o conftest -g -O2   -Wl,-rpath -Wl,/foo conftest.c  >&5
configure:11539: $? = 0
configure:11779: result: GNU/Linux ld.so
configure:11901: checking how to hardcode library paths into programs
configure:11926: result: immediate
configure:12474: checking whether stripping libraries is possible
configure:12479: result: yes
configure:12514: checking if libtool supports shared libraries
configure:12516: result: yes
configure:12519: checking whether to build shared libraries
configure:12544: result: yes
configure:12547: checking whether to build static libraries
configure:12551: result: yes
configure:12574: checking how to run the C++ preprocessor
configure:12601: g++ -E  conftest.cpp
configure:12601: $? = 0
configure:12615: g++ -E  conftest.cpp
conftest.cpp:26:10: fatal error: ac_nonexistent.h: No such file or directory
 #include <ac_nonexistent.h>
          ^~~~~~~~~~~~~~~~~~
compilation terminated.
configure:12615: $? = 1
configure: failed program was:
| /* confdefs.h */
| #define PACKAGE_NAME "GeographicLib"
| #define PACKAGE_TARNAME "geographiclib"
| #define PACKAGE_VERSION "1.50.1"
| #define PACKAGE_STRING "GeographicLib 1.50.1"
| #define PACKAGE_BUGREPORT "charles@karney.com"
| #define PACKAGE_URL ""
| #define PACKAGE "geographiclib"
| #define VERSION "1.50.1"
| #define GEOGRAPHICLIB_VERSION_MAJOR 1
| #define GEOGRAPHICLIB_VERSION_MINOR 50
| #define GEOGRAPHICLIB_VERSION_PATCH 1
| #define STDC_HEADERS 1
| #define HAVE_SYS_TYPES_H 1
| #define HAVE_SYS_STAT_H 1
| #define HAVE_STDLIB_H 1
| #define HAVE_STRING_H 1
| #define HAVE_MEMORY_H 1
| #define HAVE_STRINGS_H 1
| #define HAVE_INTTYPES_H 1
| #define HAVE_STDINT_H 1
| #define HAVE_UNISTD_H 1
| #define HAVE_DLFCN_H 1
| #define LT_OBJDIR ".libs/"
| /* end confdefs.h.  */
| #include <ac_nonexistent.h>
configure:12640: result: g++ -E
configure:12660: g++ -E  conftest.cpp
configure:12660: $? = 0
configure:12674: g++ -E  conftest.cpp
conftest.cpp:26:10: fatal error: ac_nonexistent.h: No such file or directory
 #include <ac_nonexistent.h>
          ^~~~~~~~~~~~~~~~~~
compilation terminated.
configure:12674: $? = 1
configure: failed program was:
| /* confdefs.h */
| #define PACKAGE_NAME "GeographicLib"
| #define PACKAGE_TARNAME "geographiclib"
| #define PACKAGE_VERSION "1.50.1"
| #define PACKAGE_STRING "GeographicLib 1.50.1"
| #define PACKAGE_BUGREPORT "charles@karney.com"
| #define PACKAGE_URL ""
| #define PACKAGE "geographiclib"
| #define VERSION "1.50.1"
| #define GEOGRAPHICLIB_VERSION_MAJOR 1
| #define GEOGRAPHICLIB_VERSION_MINOR 50
| #define GEOGRAPHICLIB_VERSION_PATCH 1
| #define STDC_HEADERS 1
| #define HAVE_SYS_TYPES_H 1
| #define HAVE_SYS_STAT_H 1
| #define HAVE_STDLIB_H 1
| #define HAVE_STRING_H 1
| #define HAVE_MEMORY_H 1
| #define HAVE_STRINGS_H 1
| #define HAVE_INTTYPES_H 1
| #define HAVE_STDINT_H 1
| #define HAVE_UNISTD_H 1
| #define HAVE_DLFCN_H 1
| #define LT_OBJDIR ".libs/"
| /* end confdefs.h.  */
| #include <ac_nonexistent.h>
configure:12836: checking for ld used by g++
configure:12903: result: /usr/bin/ld -m elf_x86_64
configure:12910: checking if the linker (/usr/bin/ld -m elf_x86_64) is GNU ld
configure:12925: result: yes
configure:12980: checking whether the g++ linker (/usr/bin/ld -m elf_x86_64) supports shared libraries
configure:14053: result: yes
configure:14089: g++ -c -g -O2  conftest.cpp >&5
configure:14092: $? = 0
configure:14573: checking for g++ option to produce PIC
configure:14580: result: -fPIC -DPIC
configure:14588: checking if g++ PIC flag -fPIC -DPIC works
configure:14606: g++ -c -g -O2  -fPIC -DPIC -DPIC conftest.cpp >&5
configure:14610: $? = 0
configure:14623: result: yes
configure:14646: checking if g++ static flag -static works
configure:14674: result: yes
configure:14686: checking if g++ supports -c -o file.o
configure:14707: g++ -c -g -O2  -o out/conftest2.o conftest.cpp >&5
configure:14711: $? = 0
configure:14733: result: yes
configure:14738: checking if g++ supports -c -o file.o
configure:14785: result: yes
configure:14815: checking whether the g++ linker (/usr/bin/ld -m elf_x86_64) supports shared libraries
configure:14855: result: yes
configure:14996: checking dynamic linker characteristics
configure:15744: result: GNU/Linux ld.so
configure:15809: checking how to hardcode library paths into programs
configure:15834: result: immediate
configure:15904: checking for long double
configure:15937: result: yes
configure:15947: checking whether byte ordering is bigendian
configure:15962: g++ -c -g -O2  conftest.cpp >&5
conftest.cpp:28:9: error: expected unqualified-id before 'not' token
         not a universal capable compiler
         ^~~
configure:15962: $? = 1
configure: failed program was:
| /* confdefs.h */
| #define PACKAGE_NAME "GeographicLib"
| #define PACKAGE_TARNAME "geographiclib"
| #define PACKAGE_VERSION "1.50.1"
| #define PACKAGE_STRING "GeographicLib 1.50.1"
| #define PACKAGE_BUGREPORT "charles@karney.com"
| #define PACKAGE_URL ""
| #define PACKAGE "geographiclib"
| #define VERSION "1.50.1"
| #define GEOGRAPHICLIB_VERSION_MAJOR 1
| #define GEOGRAPHICLIB_VERSION_MINOR 50
| #define GEOGRAPHICLIB_VERSION_PATCH 1
| #define STDC_HEADERS 1
| #define HAVE_SYS_TYPES_H 1
| #define HAVE_SYS_STAT_H 1
| #define HAVE_STDLIB_H 1
| #define HAVE_STRING_H 1
| #define HAVE_MEMORY_H 1
| #define HAVE_STRINGS_H 1
| #define HAVE_INTTYPES_H 1
| #define HAVE_STDINT_H 1
| #define HAVE_UNISTD_H 1
| #define HAVE_DLFCN_H 1
| #define LT_OBJDIR ".libs/"
| #define HAVE_LONG_DOUBLE 1
| /* end confdefs.h.  */
| #ifndef __APPLE_CC__
| 	       not a universal capable compiler
| 	     #endif
| 	     typedef int dummy;
| 
configure:16007: g++ -c -g -O2  conftest.cpp >&5
configure:16007: $? = 0
configure:16025: g++ -c -g -O2  conftest.cpp >&5
conftest.cpp: In function 'int main()':
conftest.cpp:34:8: error: 'big' was not declared in this scope
    not big endian
        ^~~
configure:16025: $? = 1
configure: failed program was:
| /* confdefs.h */
| #define PACKAGE_NAME "GeographicLib"
| #define PACKAGE_TARNAME "geographiclib"
| #define PACKAGE_VERSION "1.50.1"
| #define PACKAGE_STRING "GeographicLib 1.50.1"
| #define PACKAGE_BUGREPORT "charles@karney.com"
| #define PACKAGE_URL ""
| #define PACKAGE "geographiclib"
| #define VERSION "1.50.1"
| #define GEOGRAPHICLIB_VERSION_MAJOR 1
| #define GEOGRAPHICLIB_VERSION_MINOR 50
| #define GEOGRAPHICLIB_VERSION_PATCH 1
| #define STDC_HEADERS 1
| #define HAVE_SYS_TYPES_H 1
| #define HAVE_SYS_STAT_H 1
| #define HAVE_STDLIB_H 1
| #define HAVE_STRING_H 1
| #define HAVE_MEMORY_H 1
| #define HAVE_STRINGS_H 1
| #define HAVE_INTTYPES_H 1
| #define HAVE_STDINT_H 1
| #define HAVE_UNISTD_H 1
| #define HAVE_DLFCN_H 1
| #define LT_OBJDIR ".libs/"
| #define HAVE_LONG_DOUBLE 1
| /* end confdefs.h.  */
| #include <sys/types.h>
| 		#include <sys/param.h>
| 
| int
| main ()
| {
| #if BYTE_ORDER != BIG_ENDIAN
| 		 not big endian
| 		#endif
| 
|   ;
|   return 0;
| }
configure:16153: result: no
configure:16173: checking whether C++ compiler accepts -std=c++11
configure:16192: g++ -c -g -O2  -std=c++11  conftest.cpp >&5
configure:16192: $? = 0
configure:16200: result: yes
configure:16246: checking whether C++ compiler accepts -fp-model precise -diag-disable=11074,11076
configure:16265: g++ -c -g -O2 -std=c++11 -Werror -fp-model precise -diag-disable=11074,11076  conftest.cpp >&5
g++: error: precise: No such file or directory
g++: error: unrecognized command line option '-fp-model'
configure:16265: $? = 1
configure: failed program was:
| /* confdefs.h */
| #define PACKAGE_NAME "GeographicLib"
| #define PACKAGE_TARNAME "geographiclib"
| #define PACKAGE_VERSION "1.50.1"
| #define PACKAGE_STRING "GeographicLib 1.50.1"
| #define PACKAGE_BUGREPORT "charles@karney.com"
| #define PACKAGE_URL ""
| #define PACKAGE "geographiclib"
| #define VERSION "1.50.1"
| #define GEOGRAPHICLIB_VERSION_MAJOR 1
| #define GEOGRAPHICLIB_VERSION_MINOR 50
| #define GEOGRAPHICLIB_VERSION_PATCH 1
| #define STDC_HEADERS 1
| #define HAVE_SYS_TYPES_H 1
| #define HAVE_SYS_STAT_H 1
| #define HAVE_STDLIB_H 1
| #define HAVE_STRING_H 1
| #define HAVE_MEMORY_H 1
| #define HAVE_STRINGS_H 1
| #define HAVE_INTTYPES_H 1
| #define HAVE_STDINT_H 1
| #define HAVE_UNISTD_H 1
| #define HAVE_DLFCN_H 1
| #define LT_OBJDIR ".libs/"
| #define HAVE_LONG_DOUBLE 1
| /* end confdefs.h.  */
| 
| int
| main ()
| {
| 
|   ;
|   return 0;
| }
configure:16273: result: no
configure:16282: checking for C++11 math functions
configure:16301: g++ -o conftest -g -O2 -std=c++11   conftest.cpp  >&5
configure:16301: $? = 0
configure:16302: result: yes
configure:16318: checking for doxygen
configure:16348: result: no
configure:16370: checking for pod2man
configure:16386: found /usr/bin/pod2man
configure:16397: result: pod2man
configure:16412: checking for pod2html
configure:16428: found /usr/bin/pod2html
configure:16439: result: pod2html
configure:16454: checking for col
configure:16470: found /usr/bin/col
configure:16481: result: col
configure:16558: checking for pkg-config
configure:16576: found /usr/bin/pkg-config
configure:16588: result: /usr/bin/pkg-config
configure:16613: checking pkg-config is at least version 0.9.0
configure:16616: result: yes
configure:16752: checking that generated files are newer than configure
configure:16758: result: done
configure:16798: creating ./config.status

## ---------------------- ##
## Running config.status. ##
## ---------------------- ##

This file was extended by GeographicLib config.status 1.50.1, which was
generated by GNU Autoconf 2.69.  Invocation command line was

  CONFIG_FILES    = 
  CONFIG_HEADERS  = 
  CONFIG_LINKS    = 
  CONFIG_COMMANDS = 
  $ ./config.status 

on a-Legion-Y540-15IRH

config.status:1186: creating Makefile
config.status:1186: creating src/Makefile
config.status:1186: creating include/Makefile
config.status:1186: creating tools/Makefile
config.status:1186: creating doc/Makefile
config.status:1186: creating js/Makefile
config.status:1186: creating man/Makefile
config.status:1186: creating matlab/Makefile
config.status:1186: creating python/Makefile
config.status:1186: creating cmake/Makefile
config.status:1186: creating examples/Makefile
config.status:1186: creating cmake/geographiclib.pc
config.status:1186: creating include/GeographicLib/Config-ac.h
config.status:1400: executing depfiles commands
config.status:1477: cd src       && sed -e '/# am--include-marker/d' Makefile         | make -f - am--depfiles
config.status:1482: $? = 0
config.status:1477: cd tools       && sed -e '/# am--include-marker/d' Makefile         | make -f - am--depfiles
config.status:1482: $? = 0
config.status:1400: executing libtool commands

## ---------------- ##
## Cache variables. ##
## ---------------- ##

ac_cv_build=x86_64-pc-linux-gnu
ac_cv_c_bigendian=no
ac_cv_c_compiler_gnu=yes
ac_cv_cxx_compiler_gnu=yes
ac_cv_env_CCC_set=
ac_cv_env_CCC_value=
ac_cv_env_CC_set=
ac_cv_env_CC_value=
ac_cv_env_CFLAGS_set=
ac_cv_env_CFLAGS_value=
ac_cv_env_CPPFLAGS_set=
ac_cv_env_CPPFLAGS_value=
ac_cv_env_CPP_set=
ac_cv_env_CPP_value=
ac_cv_env_CXXCPP_set=
ac_cv_env_CXXCPP_value=
ac_cv_env_CXXFLAGS_set=
ac_cv_env_CXXFLAGS_value=
ac_cv_env_CXX_set=
ac_cv_env_CXX_value=
ac_cv_env_LDFLAGS_set=
ac_cv_env_LDFLAGS_value=
ac_cv_env_LIBS_set=
ac_cv_env_LIBS_value=
ac_cv_env_LT_SYS_LIBRARY_PATH_set=
ac_cv_env_LT_SYS_LIBRARY_PATH_value=
ac_cv_env_PKG_CONFIG_LIBDIR_set=
ac_cv_env_PKG_CONFIG_LIBDIR_value=
ac_cv_env_PKG_CONFIG_PATH_set=set
ac_cv_env_PKG_CONFIG_PATH_value=/home/a/catkin_ws/devel/lib/pkgconfig:/opt/ros/melodic/lib/pkgconfig
ac_cv_env_PKG_CONFIG_set=
ac_cv_env_PKG_CONFIG_value=
ac_cv_env_build_alias_set=
ac_cv_env_build_alias_value=
ac_cv_env_host_alias_set=
ac_cv_env_host_alias_value=
ac_cv_env_target_alias_set=
ac_cv_env_target_alias_value=
ac_cv_header_dlfcn_h=yes
ac_cv_header_inttypes_h=yes
ac_cv_header_memory_h=yes
ac_cv_header_stdc=yes
ac_cv_header_stdint_h=yes
ac_cv_header_stdlib_h=yes
ac_cv_header_string_h=yes
ac_cv_header_strings_h=yes
ac_cv_header_sys_stat_h=yes
ac_cv_header_sys_types_h=yes
ac_cv_header_unistd_h=yes
ac_cv_host=x86_64-pc-linux-gnu
ac_cv_objext=o
ac_cv_path_EGREP='/bin/grep -E'
ac_cv_path_FGREP='/bin/grep -F'
ac_cv_path_GREP=/bin/grep
ac_cv_path_SED=/bin/sed
ac_cv_path_ac_pt_PKG_CONFIG=/usr/bin/pkg-config
ac_cv_path_install='/usr/bin/install -c'
ac_cv_path_lt_DD=/bin/dd
ac_cv_path_mkdir=/bin/mkdir
ac_cv_prog_AWK=mawk
ac_cv_prog_COL=col
ac_cv_prog_CPP='gcc -E'
ac_cv_prog_CXXCPP='g++ -E'
ac_cv_prog_POD2HTML=pod2html
ac_cv_prog_POD2MAN=pod2man
ac_cv_prog_ac_ct_AR=ar
ac_cv_prog_ac_ct_CC=gcc
ac_cv_prog_ac_ct_CXX=g++
ac_cv_prog_ac_ct_MANIFEST_TOOL=mt
ac_cv_prog_ac_ct_OBJDUMP=objdump
ac_cv_prog_ac_ct_RANLIB=ranlib
ac_cv_prog_ac_ct_STRIP=strip
ac_cv_prog_cc_c89=
ac_cv_prog_cc_g=yes
ac_cv_prog_cxx_g=yes
ac_cv_prog_make_make_set=yes
ac_cv_target=x86_64-pc-linux-gnu
ac_cv_type_long_double=yes
am_cv_CC_dependencies_compiler_type=gcc3
am_cv_CXX_dependencies_compiler_type=gcc3
am_cv_make_support_nested_variables=yes
am_cv_prog_cc_c_o=yes
ax_cv_check_cxxflags__Werror__fp_model_precise__diag_disable_11074_11076=no
ax_cv_check_cxxflags___std_cpp11=yes
lt_cv_ar_at_file=@
lt_cv_archive_cmds_need_lc=no
lt_cv_deplibs_check_method=pass_all
lt_cv_file_magic_cmd='$MAGIC_CMD'
lt_cv_file_magic_test_file=
lt_cv_ld_reload_flag=-r
lt_cv_nm_interface='BSD nm'
lt_cv_objdir=.libs
lt_cv_path_LD=/usr/bin/ld
lt_cv_path_LDCXX='/usr/bin/ld -m elf_x86_64'
lt_cv_path_NM='/usr/bin/nm -B'
lt_cv_path_mainfest_tool=no
lt_cv_prog_compiler_c_o=yes
lt_cv_prog_compiler_c_o_CXX=yes
lt_cv_prog_compiler_pic='-fPIC -DPIC'
lt_cv_prog_compiler_pic_CXX='-fPIC -DPIC'
lt_cv_prog_compiler_pic_works=yes
lt_cv_prog_compiler_pic_works_CXX=yes
lt_cv_prog_compiler_rtti_exceptions=no
lt_cv_prog_compiler_static_works=yes
lt_cv_prog_compiler_static_works_CXX=yes
lt_cv_prog_gnu_ld=yes
lt_cv_prog_gnu_ldcxx=yes
lt_cv_sharedlib_from_linklib_cmd='printf %s\n'
lt_cv_shlibpath_overrides_runpath=yes
lt_cv_sys_global_symbol_pipe='sed -n -e '\''s/^.*[	 ]\([ABCDGIRSTW][ABCDGIRSTW]*\)[	 ][	 ]*\([_A-Za-z][_A-Za-z0-9]*\)$/\1 \2 \2/p'\'' | sed '\''/ __gnu_lto/d'\'''
lt_cv_sys_global_symbol_to_c_name_address='sed -n -e '\''s/^: \(.*\) .*$/  {"\1", (void *) 0},/p'\'' -e '\''s/^[ABCDGIRSTW][ABCDGIRSTW]* .* \(.*\)$/  {"\1", (void *) \&\1},/p'\'''
lt_cv_sys_global_symbol_to_c_name_address_lib_prefix='sed -n -e '\''s/^: \(.*\) .*$/  {"\1", (void *) 0},/p'\'' -e '\''s/^[ABCDGIRSTW][ABCDGIRSTW]* .* \(lib.*\)$/  {"\1", (void *) \&\1},/p'\'' -e '\''s/^[ABCDGIRSTW][ABCDGIRSTW]* .* \(.*\)$/  {"lib\1", (void *) \&\1},/p'\'''
lt_cv_sys_global_symbol_to_cdecl='sed -n -e '\''s/^T .* \(.*\)$/extern int \1();/p'\'' -e '\''s/^[ABCDGIRSTW][ABCDGIRSTW]* .* \(.*\)$/extern char \1;/p'\'''
lt_cv_sys_global_symbol_to_import=
lt_cv_sys_max_cmd_len=1572864
lt_cv_to_host_file_cmd=func_convert_file_noop
lt_cv_to_tool_file_cmd=func_convert_file_noop
lt_cv_truncate_bin='/bin/dd bs=4096 count=1'

## ----------------- ##
## Output variables. ##
## ----------------- ##

ACLOCAL='${SHELL} /home/a/catkin_ws/src/GeographicLib-1.50.1/missing aclocal-1.16'
AMDEPBACKSLASH='\'
AMDEP_FALSE='#'
AMDEP_TRUE=''
AMTAR='$${TAR-tar}'
AM_BACKSLASH='\'
AM_DEFAULT_V='$(AM_DEFAULT_VERBOSITY)'
AM_DEFAULT_VERBOSITY='1'
AM_V='$(V)'
AR='ar'
AUTOCONF='${SHELL} /home/a/catkin_ws/src/GeographicLib-1.50.1/missing autoconf'
AUTOHEADER='${SHELL} /home/a/catkin_ws/src/GeographicLib-1.50.1/missing autoheader'
AUTOMAKE='${SHELL} /home/a/catkin_ws/src/GeographicLib-1.50.1/missing automake-1.16'
AWK='mawk'
CC='gcc'
CCDEPMODE='depmode=gcc3'
CFLAGS='-g -O2'
COL='col'
CPP='gcc -E'
CPPFLAGS=''
CXX='g++'
CXXCPP='g++ -E'
CXXDEPMODE='depmode=gcc3'
CXXFLAGS='-g -O2 -std=c++11 -DGEOGRAPHICLIB_CXX11_MATH=1'
CYGPATH_W='echo'
DEFS='-DHAVE_CONFIG_H'
DEPDIR='.deps'
DLLTOOL='false'
DOXYGEN=''
DSYMUTIL=''
DUMPBIN=''
ECHO_C=''
ECHO_N='-n'
ECHO_T=''
EGREP='/bin/grep -E'
EXEEXT=''
FGREP='/bin/grep -F'
GEOGRAPHICLIB_VERSION_MAJOR='1'
GEOGRAPHICLIB_VERSION_MINOR='50'
GEOGRAPHICLIB_VERSION_PATCH='1'
GREP='/bin/grep'
HAVE_DOXYGEN_FALSE=''
HAVE_DOXYGEN_TRUE='#'
HAVE_PODPROGS_FALSE='#'
HAVE_PODPROGS_TRUE=''
INSTALL_DATA='${INSTALL} -m 644'
INSTALL_PROGRAM='${INSTALL}'
INSTALL_SCRIPT='${INSTALL}'
INSTALL_STRIP_PROGRAM='$(install_sh) -c -s'
LD='/usr/bin/ld -m elf_x86_64'
LDFLAGS=''
LIBOBJS=''
LIBS=''
LIBTOOL='$(SHELL) $(top_builddir)/libtool'
LIPO=''
LN_S='ln -s'
LTLIBOBJS=''
LT_AGE='0'
LT_CURRENT='19'
LT_REVISION='1'
LT_SYS_LIBRARY_PATH=''
MAINT='#'
MAINTAINER_MODE_FALSE=''
MAINTAINER_MODE_TRUE='#'
MAKEINFO='${SHELL} /home/a/catkin_ws/src/GeographicLib-1.50.1/missing makeinfo'
MANIFEST_TOOL=':'
MKDIR_P='/bin/mkdir -p'
NM='/usr/bin/nm -B'
NMEDIT=''
OBJDUMP='objdump'
OBJEXT='o'
OTOOL64=''
OTOOL=''
PACKAGE='geographiclib'
PACKAGE_BUGREPORT='charles@karney.com'
PACKAGE_NAME='GeographicLib'
PACKAGE_STRING='GeographicLib 1.50.1'
PACKAGE_TARNAME='geographiclib'
PACKAGE_URL=''
PACKAGE_VERSION='1.50.1'
PATH_SEPARATOR=':'
PKG_CONFIG='/usr/bin/pkg-config'
PKG_CONFIG_LIBDIR=''
PKG_CONFIG_PATH='/home/a/catkin_ws/devel/lib/pkgconfig:/opt/ros/melodic/lib/pkgconfig'
POD2HTML='pod2html'
POD2MAN='pod2man'
RANLIB='ranlib'
SED='/bin/sed'
SET_MAKE=''
SHELL='/bin/bash'
STRIP='strip'
VERSION='1.50.1'
ac_ct_AR='ar'
ac_ct_CC='gcc'
ac_ct_CXX='g++'
ac_ct_DUMPBIN=''
am__EXEEXT_FALSE=''
am__EXEEXT_TRUE='#'
am__fastdepCC_FALSE='#'
am__fastdepCC_TRUE=''
am__fastdepCXX_FALSE='#'
am__fastdepCXX_TRUE=''
am__include='include'
am__isrc=' -I$(srcdir)'
am__leading_dot='.'
am__nodep='_no'
am__quote=''
am__tar='$${TAR-tar} chof - "$$tardir"'
am__untar='$${TAR-tar} xf -'
bindir='${exec_prefix}/bin'
build='x86_64-pc-linux-gnu'
build_alias=''
build_cpu='x86_64'
build_os='linux-gnu'
build_vendor='pc'
datadir='${datarootdir}'
datarootdir='${prefix}/share'
docdir='${datarootdir}/doc/${PACKAGE_TARNAME}'
dvidir='${docdir}'
exec_prefix='${prefix}'
host='x86_64-pc-linux-gnu'
host_alias=''
host_cpu='x86_64'
host_os='linux-gnu'
host_vendor='pc'
htmldir='${docdir}'
includedir='${prefix}/include'
infodir='${datarootdir}/info'
install_sh='${SHELL} /home/a/catkin_ws/src/GeographicLib-1.50.1/install-sh'
libdir='${exec_prefix}/lib'
libexecdir='${exec_prefix}/libexec'
localedir='${datarootdir}/locale'
localstatedir='${prefix}/var'
mandir='${datarootdir}/man'
mkdir_p='$(MKDIR_P)'
oldincludedir='/usr/include'
pdfdir='${docdir}'
pkgconfigdir='${libdir}/pkgconfig'
prefix='/usr/local'
program_transform_name='s,x,x,'
psdir='${docdir}'
sbindir='${exec_prefix}/sbin'
sharedstatedir='${prefix}/com'
sysconfdir='${prefix}/etc'
target='x86_64-pc-linux-gnu'
target_alias=''
target_cpu='x86_64'
target_os='linux-gnu'
target_vendor='pc'

## ----------- ##
## confdefs.h. ##
## ----------- ##

/* confdefs.h */
#define PACKAGE_NAME "GeographicLib"
#define PACKAGE_TARNAME "geographiclib"
#define PACKAGE_VERSION "1.50.1"
#define PACKAGE_STRING "GeographicLib 1.50.1"
#define PACKAGE_BUGREPORT "charles@karney.com"
#define PACKAGE_URL ""
#define PACKAGE "geographiclib"
#define VERSION "1.50.1"
#define GEOGRAPHICLIB_VERSION_MAJOR 1
#define GEOGRAPHICLIB_VERSION_MINOR 50
#define GEOGRAPHICLIB_VERSION_PATCH 1
#define STDC_HEADERS 1
#define HAVE_SYS_TYPES_H 1
#define HAVE_SYS_STAT_H 1
#define HAVE_STDLIB_H 1
#define HAVE_STRING_H 1
#define HAVE_MEMORY_H 1
#define HAVE_STRINGS_H 1
#define HAVE_INTTYPES_H 1
#define HAVE_STDINT_H 1
#define HAVE_UNISTD_H 1
#define HAVE_DLFCN_H 1
#define LT_OBJDIR ".libs/"
#define HAVE_LONG_DOUBLE 1

configure: exit 0
